c:\users\josua\documents\projectos\shaders enginer triangle texture\shadersengine\shadersengine\x64\debug\vc142.pdb
c:\users\josua\documents\projectos\shaders enginer triangle texture\shadersengine\shadersengine\x64\debug\vc142.idb
c:\users\josua\documents\projectos\shaders enginer triangle texture\shadersengine\shadersengine\x64\debug\systemmanager.obj
c:\users\josua\documents\projectos\shaders enginer triangle texture\shadersengine\shadersengine\x64\debug\shadersmanager.obj
c:\users\josua\documents\projectos\shaders enginer triangle texture\shadersengine\shadersengine\x64\debug\inputmanager.obj
c:\users\josua\documents\projectos\shaders enginer triangle texture\shadersengine\shadersengine\x64\debug\graphicmanager.obj
c:\users\josua\documents\projectos\shaders enginer triangle texture\shadersengine\shadersengine\x64\debug\d3dmanager.obj
c:\users\josua\documents\projectos\shaders enginer triangle texture\shadersengine\shadersengine\x64\debug\camera.obj
c:\users\josua\documents\projectos\shaders enginer triangle texture\shadersengine\shadersengine\x64\debug\main.obj
c:\users\josua\documents\projectos\shaders enginer cb en orden sin clases\shadersengine\shadersengine\x64\debug\vc142.pdb
c:\users\josua\documents\projectos\shaders enginer cb en orden sin clases\shadersengine\shadersengine\x64\debug\vc142.idb
c:\users\josua\documents\projectos\shaders enginer cb en orden sin clases\shadersengine\shadersengine\x64\debug\systemmanager.obj
c:\users\josua\documents\projectos\shaders enginer cb en orden sin clases\shadersengine\shadersengine\x64\debug\shadersmanager.obj
c:\users\josua\documents\projectos\shaders enginer cb en orden sin clases\shadersengine\shadersengine\x64\debug\main.obj
c:\users\josua\documents\projectos\shaders enginer cb en orden sin clases\shadersengine\shadersengine\x64\debug\inputmanager.obj
c:\users\josua\documents\projectos\shaders enginer cb en orden sin clases\shadersengine\shadersengine\x64\debug\graphicmanager.obj
c:\users\josua\documents\projectos\shaders enginer cb en orden sin clases\shadersengine\shadersengine\x64\debug\camera.obj
c:\users\josua\documents\projectos\shaders enginer cb en orden sin clases\shadersengine\shadersengine\x64\debug\d3dmanager.obj
c:\users\josua\documents\projectos\shaders enginer triangle texture\shadersengine\x64\debug\shadersengine.exe
c:\users\josua\documents\projectos\shaders enginer triangle texture\shadersengine\shadersengine\x64\debug\shadersengine.ilk
c:\users\josua\documents\projectos\shaders enginer triangle texture\shadersengine\x64\debug\shadersengine.pdb
c:\users\josua\documents\projectos\shaders enginer cb en orden sin clases\shadersengine\x64\debug\shadersengine.exe
c:\users\josua\documents\projectos\shaders enginer cb en orden sin clases\shadersengine\shadersengine\x64\debug\shadersengine.ilk
c:\users\josua\documents\projectos\shaders enginer cb en orden sin clases\shadersengine\x64\debug\shadersengine.pdb
c:\users\josua\documents\projectos\shaders enginer cb en orden sin clases\shadersengine\shadersengine\x64\debug\shadersengine.tlog\cl.command.1.tlog
c:\users\josua\documents\projectos\shaders enginer cb en orden sin clases\shadersengine\shadersengine\x64\debug\shadersengine.tlog\cl.read.1.tlog
c:\users\josua\documents\projectos\shaders enginer cb en orden sin clases\shadersengine\shadersengine\x64\debug\shadersengine.tlog\cl.write.1.tlog
c:\users\josua\documents\projectos\shaders enginer cb en orden sin clases\shadersengine\shadersengine\x64\debug\shadersengine.tlog\link.command.1.tlog
c:\users\josua\documents\projectos\shaders enginer cb en orden sin clases\shadersengine\shadersengine\x64\debug\shadersengine.tlog\link.read.1.tlog
c:\users\josua\documents\projectos\shaders enginer cb en orden sin clases\shadersengine\shadersengine\x64\debug\shadersengine.tlog\link.write.1.tlog
